<?xml version="1.0" encoding="UTF-8"?>
<testng-results ignored="0" total="2" passed="2" failed="0" skipped="0">
  <reporter-output>
  </reporter-output>
  <suite started-at="2024-10-10T17:39:20 IST" name="Default suite" finished-at="2024-10-10T17:39:59 IST" duration-ms="38258">
    <groups>
      <group name="cucumber">
        <method signature="AbstractTestNGCucumberTests.runScenario(io.cucumber.testng.PickleWrapper,io.cucumber.testng.FeatureWrapper)[pri:0, instance:Runner.TestRunner@25be7b63]" name="runScenario" class="io.cucumber.testng.AbstractTestNGCucumberTests"/>
      </group> <!-- cucumber -->
    </groups>
    <test started-at="2024-10-10T17:39:20 IST" name="Default test" finished-at="2024-10-10T17:39:59 IST" duration-ms="38258">
      <class name="Runner.TestRunner">
        <test-method is-config="true" signature="setUpClass(org.testng.ITestContext)[pri:0, instance:Runner.TestRunner@25be7b63]" started-at="2024-10-10T17:39:20 IST" name="setUpClass" finished-at="2024-10-10T17:39:21 IST" duration-ms="907" status="PASS">
          <params>
            <param index="0">
              <value>
                <![CDATA[org.testng.TestRunner@6dee8ae6]]>
              </value>
            </param>
          </params>
          <reporter-output>
          </reporter-output>
        </test-method> <!-- setUpClass -->
        <test-method signature="runScenario(io.cucumber.testng.PickleWrapper,io.cucumber.testng.FeatureWrapper)[pri:0, instance:Runner.TestRunner@25be7b63]" started-at="2024-10-10T17:39:21 IST" name="runScenario" description="Runs Cucumber Scenarios" data-provider="scenarios" finished-at="2024-10-10T17:39:46 IST" duration-ms="24760" status="PASS">
          <params>
            <param index="0">
              <value>
                <![CDATA["Validate that user is able to add a product of choice to cart for purchase"]]>
              </value>
            </param>
            <param index="1">
              <value>
                <![CDATA["Validate Cart Functionality"]]>
              </value>
            </param>
          </params>
          <reporter-output>
          </reporter-output>
        </test-method> <!-- runScenario -->
        <test-method signature="runScenario(io.cucumber.testng.PickleWrapper,io.cucumber.testng.FeatureWrapper)[pri:0, instance:Runner.TestRunner@25be7b63]" started-at="2024-10-10T17:39:46 IST" name="runScenario" description="Runs Cucumber Scenarios" data-provider="scenarios" finished-at="2024-10-10T17:39:58 IST" duration-ms="12385" status="PASS">
          <params>
            <param index="0">
              <value>
                <![CDATA["Validate that user is able to remove a product of choice from cart"]]>
              </value>
            </param>
            <param index="1">
              <value>
                <![CDATA["Validate Cart Functionality"]]>
              </value>
            </param>
          </params>
          <reporter-output>
          </reporter-output>
        </test-method> <!-- runScenario -->
        <test-method is-config="true" signature="tearDownClass()[pri:0, instance:Runner.TestRunner@25be7b63]" started-at="2024-10-10T17:39:59 IST" name="tearDownClass" finished-at="2024-10-10T17:39:59 IST" duration-ms="121" status="PASS">
          <reporter-output>
          </reporter-output>
        </test-method> <!-- tearDownClass -->
      </class> <!-- Runner.TestRunner -->
    </test> <!-- Default test -->
  </suite> <!-- Default suite -->
</testng-results>
